2015-12-13 14:16:50,097 [Worker-0] INFO  o.e.m.c.i.l.LifecycleMappingFactory - Using org.eclipse.m2e.jdt.JarLifecycleMapping lifecycle mapping for MavenProject: Cloudwick:buildServer:0.0.1-SNAPSHOT @ C:\Users\Amy\Desktop\devOps\buildServer\pom.xml.
2015-12-13 14:16:50,626 [Worker-0] INFO  o.e.m.j.i.AbstractJavaProjectConfigurator - Adding source folder /buildServer/src/main/java
2015-12-13 14:16:50,629 [Worker-0] INFO  o.e.m.j.i.AbstractJavaProjectConfigurator - Adding resource folder /buildServer/src/main/resources
2015-12-13 14:16:50,630 [Worker-0] INFO  o.e.m.j.i.AbstractJavaProjectConfigurator - Adding source folder /buildServer/src/test/java
2015-12-13 14:16:50,630 [Worker-0] INFO  o.e.m.j.i.AbstractJavaProjectConfigurator - Adding resource folder /buildServer/src/test/resources
2015-12-13 14:16:51,356 [Worker-3] INFO  o.e.m.c.i.l.LifecycleMappingFactory - Using org.eclipse.m2e.jdt.JarLifecycleMapping lifecycle mapping for MavenProject: Cloudwick:buildServer:0.0.1-SNAPSHOT @ C:\Users\Amy\Desktop\devOps\buildServer\pom.xml.
2015-12-13 14:16:51,533 [Worker-3] WARN  o.e.m.c.i.embedder.EclipseLogger - Using platform encoding (Cp1252 actually) to copy filtered resources, i.e. build is platform dependent!
2015-12-13 14:16:51,540 [Worker-3] INFO  o.e.m.c.i.embedder.EclipseLogger - Copying 0 resource
2015-12-13 14:16:51,543 [Worker-3] WARN  o.e.m.c.i.embedder.EclipseLogger - Using platform encoding (Cp1252 actually) to copy filtered resources, i.e. build is platform dependent!
2015-12-13 14:16:51,546 [Worker-3] INFO  o.e.m.c.i.embedder.EclipseLogger - Copying 0 resource
2015-12-13 14:16:51,865 [Worker-1] INFO  o.e.m.c.i.l.LifecycleMappingFactory - Using org.eclipse.m2e.jdt.JarLifecycleMapping lifecycle mapping for MavenProject: Cloudwick:buildServer:0.0.1-SNAPSHOT @ C:\Users\Amy\Desktop\devOps\buildServer\pom.xml.
2015-12-13 14:16:52,656 [Worker-5] WARN  o.e.m.c.i.embedder.EclipseLogger - Using platform encoding (Cp1252 actually) to copy filtered resources, i.e. build is platform dependent!
2015-12-13 14:16:52,664 [Worker-5] INFO  o.e.m.c.i.embedder.EclipseLogger - Copying 0 resource
2015-12-13 14:16:52,666 [Worker-5] WARN  o.e.m.c.i.embedder.EclipseLogger - Using platform encoding (Cp1252 actually) to copy filtered resources, i.e. build is platform dependent!
2015-12-13 14:16:52,671 [Worker-5] INFO  o.e.m.c.i.embedder.EclipseLogger - Copying 0 resource
2015-12-13 14:18:11,285 [Worker-4] WARN  o.e.m.c.i.embedder.EclipseLogger - Using platform encoding (Cp1252 actually) to copy filtered resources, i.e. build is platform dependent!
2015-12-13 14:18:11,303 [Worker-4] INFO  o.e.m.c.i.embedder.EclipseLogger - Copying 0 resource
2015-12-13 14:18:11,304 [Worker-4] WARN  o.e.m.c.i.embedder.EclipseLogger - Using platform encoding (Cp1252 actually) to copy filtered resources, i.e. build is platform dependent!
2015-12-13 14:18:11,327 [Worker-4] INFO  o.e.m.c.i.embedder.EclipseLogger - Copying 0 resource
2015-12-13 14:18:28,380 [Worker-0] WARN  o.e.m.c.i.embedder.EclipseLogger - Using platform encoding (Cp1252 actually) to copy filtered resources, i.e. build is platform dependent!
2015-12-13 14:18:28,388 [Worker-0] INFO  o.e.m.c.i.embedder.EclipseLogger - Copying 0 resource
2015-12-13 14:18:28,393 [Worker-0] WARN  o.e.m.c.i.embedder.EclipseLogger - Using platform encoding (Cp1252 actually) to copy filtered resources, i.e. build is platform dependent!
2015-12-13 14:18:28,400 [Worker-0] INFO  o.e.m.c.i.embedder.EclipseLogger - Copying 0 resource
2015-12-13 14:19:46,654 [Worker-0] INFO  o.e.m.i.launch.MavenLaunchDelegate - C:\Users\Amy\Desktop\devOps\buildServer
2015-12-13 14:19:46,658 [Worker-0] INFO  o.e.m.i.launch.MavenLaunchDelegate -  mvn  -B testing
2015-12-13 14:43:57,886 [Worker-2] INFO  o.e.m.i.launch.MavenLaunchDelegate - C:\Users\Amy\Desktop\devOps\buildServer
2015-12-13 14:43:57,886 [Worker-2] INFO  o.e.m.i.launch.MavenLaunchDelegate -  mvn  -B clean
2015-12-13 14:44:00,223 [Worker-7] WARN  o.e.m.c.i.embedder.EclipseLogger - Using platform encoding (Cp1252 actually) to copy filtered resources, i.e. build is platform dependent!
2015-12-13 14:44:00,235 [Worker-7] INFO  o.e.m.c.i.embedder.EclipseLogger - Copying 0 resource
2015-12-13 14:44:00,239 [Worker-7] WARN  o.e.m.c.i.embedder.EclipseLogger - Using platform encoding (Cp1252 actually) to copy filtered resources, i.e. build is platform dependent!
2015-12-13 14:44:00,249 [Worker-7] INFO  o.e.m.c.i.embedder.EclipseLogger - Copying 0 resource
2015-12-13 14:46:34,825 [Worker-5] WARN  o.e.m.c.i.embedder.EclipseLogger - Using platform encoding (Cp1252 actually) to copy filtered resources, i.e. build is platform dependent!
2015-12-13 14:46:34,836 [Worker-5] INFO  o.e.m.c.i.embedder.EclipseLogger - Copying 0 resource
2015-12-13 14:46:34,842 [Worker-5] WARN  o.e.m.c.i.embedder.EclipseLogger - Using platform encoding (Cp1252 actually) to copy filtered resources, i.e. build is platform dependent!
2015-12-13 14:46:34,855 [Worker-5] INFO  o.e.m.c.i.embedder.EclipseLogger - Copying 0 resource
2015-12-13 14:50:25,538 [Worker-2] INFO  o.e.m.c.i.l.LifecycleMappingFactory - Using org.eclipse.m2e.jdt.JarLifecycleMapping lifecycle mapping for MavenProject: Cloudwick:buildServer:0.0.1-SNAPSHOT @ C:\Users\Amy\Desktop\devOps\buildServer\pom.xml.
2015-12-13 14:50:25,673 [Worker-2] WARN  o.e.m.c.i.embedder.EclipseLogger - Using platform encoding (Cp1252 actually) to copy filtered resources, i.e. build is platform dependent!
2015-12-13 14:50:25,686 [Worker-2] INFO  o.e.m.c.i.embedder.EclipseLogger - Copying 0 resource
2015-12-13 14:50:25,691 [Worker-2] WARN  o.e.m.c.i.embedder.EclipseLogger - Using platform encoding (Cp1252 actually) to copy filtered resources, i.e. build is platform dependent!
2015-12-13 14:50:25,705 [Worker-2] INFO  o.e.m.c.i.embedder.EclipseLogger - Copying 0 resource
2015-12-13 14:50:35,023 [main] INFO  o.e.m2e.actions.ExecutePomAction - Using existing launch configuration
2015-12-13 14:50:35,131 [Worker-0] INFO  o.e.m.i.launch.MavenLaunchDelegate - C:\Users\Amy\Desktop\devOps\buildServer
2015-12-13 14:50:35,131 [Worker-0] INFO  o.e.m.i.launch.MavenLaunchDelegate -  mvn  -B testing
2015-12-13 14:51:08,558 [Worker-3] INFO  o.e.m.c.i.l.LifecycleMappingFactory - Using org.eclipse.m2e.jdt.JarLifecycleMapping lifecycle mapping for MavenProject: Cloudwick:buildServer:0.0.1-SNAPSHOT @ C:\Users\Amy\Desktop\devOps\buildServer\pom.xml.
2015-12-13 14:51:08,602 [Worker-3] WARN  o.e.m.c.i.embedder.EclipseLogger - Using platform encoding (Cp1252 actually) to copy filtered resources, i.e. build is platform dependent!
2015-12-13 14:51:08,618 [Worker-3] INFO  o.e.m.c.i.embedder.EclipseLogger - Copying 0 resource
2015-12-13 14:51:08,624 [Worker-3] WARN  o.e.m.c.i.embedder.EclipseLogger - Using platform encoding (Cp1252 actually) to copy filtered resources, i.e. build is platform dependent!
2015-12-13 14:51:08,633 [Worker-3] INFO  o.e.m.c.i.embedder.EclipseLogger - Copying 0 resource
2015-12-13 14:51:12,773 [main] INFO  o.e.m2e.actions.ExecutePomAction - Using existing launch configuration
2015-12-13 14:51:12,887 [Worker-0] INFO  o.e.m.i.launch.MavenLaunchDelegate - C:\Users\Amy\Desktop\devOps\buildServer
2015-12-13 14:51:12,888 [Worker-0] INFO  o.e.m.i.launch.MavenLaunchDelegate -  mvn  -B testing
2015-12-13 14:53:34,856 [Worker-3] INFO  o.e.m.i.launch.MavenLaunchDelegate - C:\Users\Amy\Desktop\devOps\buildServer
2015-12-13 14:53:34,856 [Worker-3] INFO  o.e.m.i.launch.MavenLaunchDelegate -  mvn  -B testing
2015-12-13 14:53:48,176 [Worker-4] INFO  o.e.m.i.launch.MavenLaunchDelegate - C:\Users\Amy\Desktop\devOps\buildServer
2015-12-13 14:53:48,176 [Worker-4] INFO  o.e.m.i.launch.MavenLaunchDelegate -  mvn  -B package
